<?xml version="1.0" encoding="UTF-8"?>
<!-- Generated by org.testng.reporters.JUnitReportReporter -->
<testsuite hostname="LAPTOP-HMT0V7JE" failures="0" tests="1" name="com.ilab.selenium_Assessment.Delete" time="12.270" errors="0" timestamp="2022-02-01T08:54:57 SAST" skipped="0">
  <testcase classname="com.ilab.selenium_Assessment.Delete" name="delete" time="12.270"/>
  <system-out/>
</testsuite> <!-- com.ilab.selenium_Assessment.Delete -->
