<?xml version="1.0" encoding="UTF-8"?>
<!-- Generated by org.testng.reporters.JUnitReportReporter -->
<testsuite hostname="LAPTOP-HMT0V7JE" failures="0" tests="4" name="com.ilab.selenium_Assessment.Login" time="8.754" errors="0" timestamp="2022-02-01T08:54:57 SAST" skipped="0">
  <testcase classname="com.ilab.selenium_Assessment.Login" name="logging_in" time="8.701"/>
  <system-out/>
  <testcase classname="com.ilab.selenium_Assessment.Login" name="dashboard" time="0.005"/>
  <system-out/>
  <testcase classname="com.ilab.selenium_Assessment.Login" name="AdminTab" time="0.028"/>
  <system-out/>
  <testcase classname="com.ilab.selenium_Assessment.Login" name="validateWelcomeAdmin" time="0.020"/>
  <system-out/>
</testsuite> <!-- com.ilab.selenium_Assessment.Login -->
